<?xml version="1.0" encoding="UTF-8"?>
<!-- Generated by org.testng.reporters.JUnitReportReporter -->
<testsuite hostname="DESKTOP-6BCGIB4" failures="0" tests="1" name="Cucumberrunner.TestRunner" time="17.254" errors="0" timestamp="2025-01-25T14:02:46 IST" skipped="0">
  <testcase classname="Cucumberrunner.TestRunner" name="runScenario" time="17.254"/>
</testsuite> <!-- Cucumberrunner.TestRunner -->
